{"/Users/macbook/Documents/coinbtr/tauros-api-nodejs/lib/request.js":{"path":"/Users/macbook/Documents/coinbtr/tauros-api-nodejs/lib/request.js","s":{"1":1,"2":1,"3":1,"4":1,"5":1,"6":1,"7":1,"8":2,"9":2,"10":2,"11":2,"12":2,"13":2,"14":2,"15":2,"16":2,"17":1,"18":1,"19":0,"20":1,"21":1,"22":1,"23":1,"24":1,"25":0,"26":1,"27":1,"28":1,"29":1,"30":0,"31":1,"32":1,"33":0,"34":0,"35":0,"36":0,"37":0,"38":0,"39":0,"40":0,"41":1},"b":{"1":[0,1],"2":[0,1],"3":[1,1],"4":[0,1],"5":[1,0]},"f":{"1":1,"2":2,"3":2,"4":1,"5":1,"6":0,"7":0,"8":0,"9":0},"fnMap":{"1":{"name":"(anonymous_1)","line":8,"loc":{"start":{"line":8,"column":13},"end":{"line":8,"column":50}}},"2":{"name":"(anonymous_2)","line":14,"loc":{"start":{"line":14,"column":8},"end":{"line":14,"column":11}}},"3":{"name":"(anonymous_3)","line":19,"loc":{"start":{"line":19,"column":7},"end":{"line":19,"column":35}}},"4":{"name":"(anonymous_4)","line":35,"loc":{"start":{"line":35,"column":10},"end":{"line":35,"column":55}}},"5":{"name":"(anonymous_5)","line":68,"loc":{"start":{"line":68,"column":5},"end":{"line":68,"column":25}}},"6":{"name":"(anonymous_6)","line":73,"loc":{"start":{"line":73,"column":6},"end":{"line":73,"column":24}}},"7":{"name":"(anonymous_7)","line":78,"loc":{"start":{"line":78,"column":5},"end":{"line":78,"column":23}}},"8":{"name":"(anonymous_8)","line":83,"loc":{"start":{"line":83,"column":7},"end":{"line":83,"column":25}}},"9":{"name":"(anonymous_9)","line":88,"loc":{"start":{"line":88,"column":8},"end":{"line":88,"column":15}}}},"statementMap":{"1":{"start":{"line":1,"column":0},"end":{"line":1,"column":33}},"2":{"start":{"line":2,"column":0},"end":{"line":2,"column":36}},"3":{"start":{"line":4,"column":0},"end":{"line":4,"column":39}},"4":{"start":{"line":5,"column":0},"end":{"line":5,"column":55}},"5":{"start":{"line":9,"column":4},"end":{"line":9,"column":55}},"6":{"start":{"line":10,"column":4},"end":{"line":10,"column":26}},"7":{"start":{"line":11,"column":4},"end":{"line":11,"column":32}},"8":{"start":{"line":15,"column":4},"end":{"line":15,"column":34}},"9":{"start":{"line":16,"column":4},"end":{"line":16,"column":44}},"10":{"start":{"line":20,"column":4},"end":{"line":20,"column":41}},"11":{"start":{"line":21,"column":4},"end":{"line":21,"column":27}},"12":{"start":{"line":23,"column":4},"end":{"line":23,"column":61}},"13":{"start":{"line":25,"column":4},"end":{"line":25,"column":73}},"14":{"start":{"line":28,"column":4},"end":{"line":28,"column":83}},"15":{"start":{"line":30,"column":4},"end":{"line":30,"column":61}},"16":{"start":{"line":32,"column":4},"end":{"line":32,"column":20}},"17":{"start":{"line":36,"column":4},"end":{"line":36,"column":42}},"18":{"start":{"line":37,"column":4},"end":{"line":39,"column":5}},"19":{"start":{"line":38,"column":6},"end":{"line":38,"column":58}},"20":{"start":{"line":40,"column":4},"end":{"line":40,"column":29}},"21":{"start":{"line":41,"column":4},"end":{"line":41,"column":57}},"22":{"start":{"line":42,"column":4},"end":{"line":47,"column":5}},"23":{"start":{"line":49,"column":4},"end":{"line":52,"column":5}},"24":{"start":{"line":54,"column":4},"end":{"line":54,"column":49}},"25":{"start":{"line":54,"column":14},"end":{"line":54,"column":49}},"26":{"start":{"line":56,"column":4},"end":{"line":65,"column":6}},"27":{"start":{"line":57,"column":6},"end":{"line":64,"column":8}},"28":{"start":{"line":58,"column":19},"end":{"line":58,"column":91}},"29":{"start":{"line":60,"column":8},"end":{"line":60,"column":21}},"30":{"start":{"line":63,"column":8},"end":{"line":63,"column":27}},"31":{"start":{"line":69,"column":4},"end":{"line":69,"column":22}},"32":{"start":{"line":70,"column":4},"end":{"line":70,"column":60}},"33":{"start":{"line":74,"column":4},"end":{"line":74,"column":23}},"34":{"start":{"line":75,"column":4},"end":{"line":75,"column":56}},"35":{"start":{"line":79,"column":4},"end":{"line":79,"column":22}},"36":{"start":{"line":80,"column":4},"end":{"line":80,"column":56}},"37":{"start":{"line":84,"column":4},"end":{"line":84,"column":24}},"38":{"start":{"line":85,"column":4},"end":{"line":85,"column":56}},"39":{"start":{"line":89,"column":4},"end":{"line":89,"column":25}},"40":{"start":{"line":90,"column":4},"end":{"line":90,"column":45}},"41":{"start":{"line":94,"column":0},"end":{"line":94,"column":26}}},"branchMap":{"1":{"line":9,"type":"cond-expr","locations":[{"start":{"line":9,"column":30},"end":{"line":9,"column":37}},{"start":{"line":9,"column":40},"end":{"line":9,"column":55}}]},"2":{"line":37,"type":"if","locations":[{"start":{"line":37,"column":4},"end":{"line":37,"column":4}},{"start":{"line":37,"column":4},"end":{"line":37,"column":4}}]},"3":{"line":37,"type":"binary-expr","locations":[{"start":{"line":37,"column":8},"end":{"line":37,"column":38}},{"start":{"line":37,"column":42},"end":{"line":37,"column":48}}]},"4":{"line":54,"type":"if","locations":[{"start":{"line":54,"column":4},"end":{"line":54,"column":4}},{"start":{"line":54,"column":4},"end":{"line":54,"column":4}}]},"5":{"line":58,"type":"cond-expr","locations":[{"start":{"line":58,"column":28},"end":{"line":58,"column":38}},{"start":{"line":58,"column":41},"end":{"line":58,"column":91}}]}}}}