TN:
SF:/Users/macbook/Documents/coinbtr/tauros-api-nodejs/lib/request.js
FN:8,(anonymous_1)
FN:14,(anonymous_2)
FN:19,(anonymous_3)
FN:35,(anonymous_4)
FN:68,(anonymous_5)
FN:73,(anonymous_6)
FN:78,(anonymous_7)
FN:83,(anonymous_8)
FN:88,(anonymous_9)
FNF:9
FNH:5
FNDA:1,(anonymous_1)
FNDA:2,(anonymous_2)
FNDA:2,(anonymous_3)
FNDA:1,(anonymous_4)
FNDA:1,(anonymous_5)
FNDA:0,(anonymous_6)
FNDA:0,(anonymous_7)
FNDA:0,(anonymous_8)
FNDA:0,(anonymous_9)
DA:1,1
DA:2,1
DA:4,1
DA:5,1
DA:9,1
DA:10,1
DA:11,1
DA:15,2
DA:16,2
DA:20,2
DA:21,2
DA:23,2
DA:25,2
DA:28,2
DA:30,2
DA:32,2
DA:36,1
DA:37,1
DA:38,0
DA:40,1
DA:41,1
DA:42,1
DA:49,1
DA:54,1
DA:56,1
DA:57,1
DA:58,1
DA:60,1
DA:63,0
DA:69,1
DA:70,1
DA:74,0
DA:75,0
DA:79,0
DA:80,0
DA:84,0
DA:85,0
DA:89,0
DA:90,0
DA:94,1
LF:40
LH:30
BRDA:9,1,0,0
BRDA:9,1,1,1
BRDA:37,2,0,0
BRDA:37,2,1,1
BRDA:37,3,0,1
BRDA:37,3,1,1
BRDA:54,4,0,0
BRDA:54,4,1,1
BRDA:58,5,0,1
BRDA:58,5,1,0
BRF:10
BRH:6
end_of_record
